# JRE version: OpenJDK Runtime Environment (8.0_242-b01) (build 1.8.0_242-release-1644-b01)
# Java VM: OpenJDK 64-Bit Server VM (25.242-b01 mixed mode windows-amd64 compressed oops)
Heap:
 PSYoungGen      total 247296K, used 42816K [0x00000000d5580000, 0x00000000e8900000, 0x0000000100000000)
  eden space 217600K, 6% used [0x00000000d5580000,0x00000000d62549d0,0x00000000e2a00000)
  from space 29696K, 99% used [0x00000000e6c00000,0x00000000e88fb800,0x00000000e8900000)
  to   space 20480K, 0% used [0x00000000e2a00000,0x00000000e2a00000,0x00000000e3e00000)
 ParOldGen       total 202752K, used 96772K [0x0000000080000000, 0x000000008c600000, 0x00000000d5580000)
  object space 202752K, 47% used [0x0000000080000000,0x0000000085e81248,0x000000008c600000)
 Metaspace       used 85898K, capacity 90604K, committed 90792K, reserved 1128448K
  class space    used 11708K, capacity 12603K, committed 12720K, reserved 1048576K
GC Heap History (10 events):
Event: 7.432 GC heap before
{Heap before GC invocations=11 (full 2):
 PSYoungGen      total 183808K, used 173336K [0x00000000d5580000, 0x00000000e3900000, 0x0000000100000000)
  eden space 172032K, 93% used [0x00000000d5580000,0x00000000df34a758,0x00000000dfd80000)
  from space 11776K, 99% used [0x00000000e2d80000,0x00000000e38fbb28,0x00000000e3900000)
  to   space 13312K, 0% used [0x00000000e1f00000,0x00000000e1f00000,0x00000000e2c00000)
 ParOldGen       total 131072K, used 16421K [0x0000000080000000, 0x0000000088000000, 0x00000000d5580000)
  object space 131072K, 12% used [0x0000000080000000,0x0000000081009608,0x0000000088000000)
 Metaspace       used 57003K, capacity 59076K, committed 59160K, reserved 1099776K
  class space    used 7810K, capacity 8309K, committed 8368K, reserved 1048576K
Event: 7.446 GC heap after
Heap after GC invocations=11 (full 2):
 PSYoungGen      total 219648K, used 13300K [0x00000000d5580000, 0x00000000e5080000, 0x0000000100000000)
  eden space 206336K, 0% used [0x00000000d5580000,0x00000000d5580000,0x00000000e1f00000)
  from space 13312K, 99% used [0x00000000e1f00000,0x00000000e2bfd310,0x00000000e2c00000)
  to   space 18944K, 0% used [0x00000000e3e00000,0x00000000e3e00000,0x00000000e5080000)
 ParOldGen       total 131072K, used 28235K [0x0000000080000000, 0x0000000088000000, 0x00000000d5580000)
  object space 131072K, 21% used [0x0000000080000000,0x0000000081b92f60,0x0000000088000000)
 Metaspace       used 57003K, capacity 59076K, committed 59160K, reserved 1099776K
  class space    used 7810K, capacity 8309K, committed 8368K, reserved 1048576K
}
Event: 7.446 GC heap before
{Heap before GC invocations=12 (full 3):
 PSYoungGen      total 219648K, used 13300K [0x00000000d5580000, 0x00000000e5080000, 0x0000000100000000)
  eden space 206336K, 0% used [0x00000000d5580000,0x00000000d5580000,0x00000000e1f00000)
  from space 13312K, 99% used [0x00000000e1f00000,0x00000000e2bfd310,0x00000000e2c00000)
  to   space 18944K, 0% used [0x00000000e3e00000,0x00000000e3e00000,0x00000000e5080000)
 ParOldGen       total 131072K, used 28235K [0x0000000080000000, 0x0000000088000000, 0x00000000d5580000)
  object space 131072K, 21% used [0x0000000080000000,0x0000000081b92f60,0x0000000088000000)
 Metaspace       used 57003K, capacity 59076K, committed 59160K, reserved 1099776K
  class space    used 7810K, capacity 8309K, committed 8368K, reserved 1048576K
Event: 7.579 GC heap after
Heap after GC invocations=12 (full 3):
 PSYoungGen      total 219648K, used 0K [0x00000000d5580000, 0x00000000e5080000, 0x0000000100000000)
  eden space 206336K, 0% used [0x00000000d5580000,0x00000000d5580000,0x00000000e1f00000)
  from space 13312K, 0% used [0x00000000e1f00000,0x00000000e1f00000,0x00000000e2c00000)
  to   space 18944K, 0% used [0x00000000e3e00000,0x00000000e3e00000,0x00000000e5080000)
 ParOldGen       total 202752K, used 37088K [0x0000000080000000, 0x000000008c600000, 0x00000000d5580000)
  object space 202752K, 18% used [0x0000000080000000,0x0000000082438350,0x000000008c600000)
 Metaspace       used 56987K, capacity 59022K, committed 59160K, reserved 1099776K
  class space    used 7805K, capacity 8300K, committed 8368K, reserved 1048576K
}
Event: 9.007 GC heap before
{Heap before GC invocations=13 (full 3):
 PSYoungGen      total 219648K, used 206336K [0x00000000d5580000, 0x00000000e5080000, 0x0000000100000000)
  eden space 206336K, 100% used [0x00000000d5580000,0x00000000e1f00000,0x00000000e1f00000)
  from space 13312K, 0% used [0x00000000e1f00000,0x00000000e1f00000,0x00000000e2c00000)
  to   space 18944K, 0% used [0x00000000e3e00000,0x00000000e3e00000,0x00000000e5080000)
 ParOldGen       total 202752K, used 37088K [0x0000000080000000, 0x000000008c600000, 0x00000000d5580000)
  object space 202752K, 18% used [0x0000000080000000,0x0000000082438350,0x000000008c600000)
 Metaspace       used 64456K, capacity 67614K, committed 67752K, reserved 1107968K
  class space    used 8871K, capacity 9534K, committed 9648K, reserved 1048576K
Event: 9.017 GC heap after
Heap after GC invocations=13 (full 3):
 PSYoungGen      total 236544K, used 16111K [0x00000000d5580000, 0x00000000e6c00000, 0x0000000100000000)
  eden space 217600K, 0% used [0x00000000d5580000,0x00000000d5580000,0x00000000e2a00000)
  from space 18944K, 85% used [0x00000000e3e00000,0x00000000e4dbbfb0,0x00000000e5080000)
  to   space 20480K, 0% used [0x00000000e2a00000,0x00000000e2a00000,0x00000000e3e00000)
 ParOldGen       total 202752K, used 37096K [0x0000000080000000, 0x000000008c600000, 0x00000000d5580000)
  object space 202752K, 18% used [0x0000000080000000,0x000000008243a350,0x000000008c600000)
 Metaspace       used 64456K, capacity 67614K, committed 67752K, reserved 1107968K
  class space    used 8871K, capacity 9534K, committed 9648K, reserved 1048576K
}
Event: 10.879 GC heap before
{Heap before GC invocations=14 (full 3):
 PSYoungGen      total 236544K, used 233711K [0x00000000d5580000, 0x00000000e6c00000, 0x0000000100000000)
  eden space 217600K, 100% used [0x00000000d5580000,0x00000000e2a00000,0x00000000e2a00000)
  from space 18944K, 85% used [0x00000000e3e00000,0x00000000e4dbbfb0,0x00000000e5080000)
  to   space 20480K, 0% used [0x00000000e2a00000,0x00000000e2a00000,0x00000000e3e00000)
 ParOldGen       total 202752K, used 37096K [0x0000000080000000, 0x000000008c600000, 0x00000000d5580000)
  object space 202752K, 18% used [0x0000000080000000,0x000000008243a350,0x000000008c600000)
 Metaspace       used 74950K, capacity 78478K, committed 78760K, reserved 1118208K
  class space    used 10131K, capacity 10858K, committed 10928K, reserved 1048576K
Event: 10.899 GC heap after
Heap after GC invocations=14 (full 3):
 PSYoungGen      total 238080K, used 20470K [0x00000000d5580000, 0x00000000e8900000, 0x0000000100000000)
  eden space 217600K, 0% used [0x00000000d5580000,0x00000000d5580000,0x00000000e2a00000)
  from space 20480K, 99% used [0x00000000e2a00000,0x00000000e3dfd888,0x00000000e3e00000)
  to   space 29696K, 0% used [0x00000000e6c00000,0x00000000e6c00000,0x00000000e8900000)
 ParOldGen       total 202752K, used 55177K [0x0000000080000000, 0x000000008c600000, 0x00000000d5580000)
  object space 202752K, 27% used [0x0000000080000000,0x00000000835e26b0,0x000000008c600000)
 Metaspace       used 74950K, capacity 78478K, committed 78760K, reserved 1118208K
  class space    used 10131K, capacity 10858K, committed 10928K, reserved 1048576K
}
Event: 11.929 GC heap before
{Heap before GC invocations=15 (full 3):
 PSYoungGen      total 238080K, used 238070K [0x00000000d5580000, 0x00000000e8900000, 0x0000000100000000)
  eden space 217600K, 100% used [0x00000000d5580000,0x00000000e2a00000,0x00000000e2a00000)
  from space 20480K, 99% used [0x00000000e2a00000,0x00000000e3dfd888,0x00000000e3e00000)
  to   space 29696K, 0% used [0x00000000e6c00000,0x00000000e6c00000,0x00000000e8900000)
 ParOldGen       total 202752K, used 55177K [0x0000000080000000, 0x000000008c600000, 0x00000000d5580000)
  object space 202752K, 27% used [0x0000000080000000,0x00000000835e26b0,0x000000008c600000)
 Metaspace       used 85793K, capacity 90526K, committed 90792K, reserved 1128448K
  class space    used 11698K, capacity 12600K, committed 12720K, reserved 1048576K
Event: 11.985 GC heap after
Heap after GC invocations=15 (full 3):
 PSYoungGen      total 247296K, used 29678K [0x00000000d5580000, 0x00000000e8900000, 0x0000000100000000)
  eden space 217600K, 0% used [0x00000000d5580000,0x00000000d5580000,0x00000000e2a00000)
  from space 29696K, 99% used [0x00000000e6c00000,0x00000000e88fb800,0x00000000e8900000)
  to   space 20480K, 0% used [0x00000000e2a00000,0x00000000e2a00000,0x00000000e3e00000)
 ParOldGen       total 202752K, used 96772K [0x0000000080000000, 0x000000008c600000, 0x00000000d5580000)
  object space 202752K, 47% used [0x0000000080000000,0x0000000085e81248,0x000000008c600000)
 Metaspace       used 85793K, capacity 90526K, committed 90792K, reserved 1128448K
  class space    used 11698K, capacity 12600K, committed 12720K, reserved 1048576K
}

