# JRE version: OpenJDK Runtime Environment (8.0_242-b01) (build 1.8.0_242-release-1644-b01)
# Java VM: OpenJDK 64-Bit Server VM (25.242-b01 mixed mode windows-amd64 compressed oops)
Heap:
 PSYoungGen      total 265216K, used 251789K [0x00000000d5580000, 0x00000000e7f00000, 0x0000000100000000)
  eden space 245760K, 94% used [0x00000000d5580000,0x00000000e3867bd0,0x00000000e4580000)
  from space 19456K, 99% used [0x00000000e5c00000,0x00000000e6efb8e0,0x00000000e6f00000)
  to   space 23040K, 0% used [0x00000000e4580000,0x00000000e4580000,0x00000000e5c00000)
 ParOldGen       total 186368K, used 40844K [0x0000000080000000, 0x000000008b600000, 0x00000000d5580000)
  object space 186368K, 21% used [0x0000000080000000,0x00000000827e31c8,0x000000008b600000)
 Metaspace       used 73221K, capacity 77722K, committed 77992K, reserved 1116160K
  class space    used 10191K, capacity 11092K, committed 11184K, reserved 1048576K
GC Heap History (10 events):
Event: 5.232 GC heap before
{Heap before GC invocations=9 (full 2):
 PSYoungGen      total 130560K, used 8620K [0x00000000d5580000, 0x00000000e4000000, 0x0000000100000000)
  eden space 118784K, 0% used [0x00000000d5580000,0x00000000d5580000,0x00000000dc980000)
  from space 11776K, 73% used [0x00000000dc980000,0x00000000dd1eb3b0,0x00000000dd500000)
  to   space 11776K, 0% used [0x00000000e3480000,0x00000000e3480000,0x00000000e4000000)
 ParOldGen       total 83456K, used 7439K [0x0000000080000000, 0x0000000085180000, 0x00000000d5580000)
  object space 83456K, 8% used [0x0000000080000000,0x0000000080743ca8,0x0000000085180000)
 Metaspace       used 34502K, capacity 35386K, committed 35496K, reserved 1079296K
  class space    used 4718K, capacity 4970K, committed 5040K, reserved 1048576K
Event: 5.258 GC heap after
Heap after GC invocations=9 (full 2):
 PSYoungGen      total 130560K, used 0K [0x00000000d5580000, 0x00000000e4000000, 0x0000000100000000)
  eden space 118784K, 0% used [0x00000000d5580000,0x00000000d5580000,0x00000000dc980000)
  from space 11776K, 0% used [0x00000000dc980000,0x00000000dc980000,0x00000000dd500000)
  to   space 11776K, 0% used [0x00000000e3480000,0x00000000e3480000,0x00000000e4000000)
 ParOldGen       total 120832K, used 15425K [0x0000000080000000, 0x0000000087600000, 0x00000000d5580000)
  object space 120832K, 12% used [0x0000000080000000,0x0000000080f10640,0x0000000087600000)
 Metaspace       used 34502K, capacity 35386K, committed 35496K, reserved 1079296K
  class space    used 4718K, capacity 4970K, committed 5040K, reserved 1048576K
}
Event: 6.272 GC heap before
{Heap before GC invocations=10 (full 2):
 PSYoungGen      total 130560K, used 118784K [0x00000000d5580000, 0x00000000e4000000, 0x0000000100000000)
  eden space 118784K, 100% used [0x00000000d5580000,0x00000000dc980000,0x00000000dc980000)
  from space 11776K, 0% used [0x00000000dc980000,0x00000000dc980000,0x00000000dd500000)
  to   space 11776K, 0% used [0x00000000e3480000,0x00000000e3480000,0x00000000e4000000)
 ParOldGen       total 120832K, used 15425K [0x0000000080000000, 0x0000000087600000, 0x00000000d5580000)
  object space 120832K, 12% used [0x0000000080000000,0x0000000080f10640,0x0000000087600000)
 Metaspace       used 44342K, capacity 45872K, committed 46120K, reserved 1089536K
  class space    used 5991K, capacity 6392K, committed 6448K, reserved 1048576K
Event: 6.279 GC heap after
Heap after GC invocations=10 (full 2):
 PSYoungGen      total 198656K, used 11768K [0x00000000d5580000, 0x00000000e4000000, 0x0000000100000000)
  eden space 186880K, 0% used [0x00000000d5580000,0x00000000d5580000,0x00000000e0c00000)
  from space 11776K, 99% used [0x00000000e3480000,0x00000000e3ffe038,0x00000000e4000000)
  to   space 13312K, 0% used [0x00000000e2600000,0x00000000e2600000,0x00000000e3300000)
 ParOldGen       total 120832K, used 17342K [0x0000000080000000, 0x0000000087600000, 0x00000000d5580000)
  object space 120832K, 14% used [0x0000000080000000,0x00000000810ef860,0x0000000087600000)
 Metaspace       used 44342K, capacity 45872K, committed 46120K, reserved 1089536K
  class space    used 5991K, capacity 6392K, committed 6448K, reserved 1048576K
}
Event: 7.475 GC heap before
{Heap before GC invocations=11 (full 2):
 PSYoungGen      total 198656K, used 171677K [0x00000000d5580000, 0x00000000e4000000, 0x0000000100000000)
  eden space 186880K, 85% used [0x00000000d5580000,0x00000000df1a94e0,0x00000000e0c00000)
  from space 11776K, 99% used [0x00000000e3480000,0x00000000e3ffe038,0x00000000e4000000)
  to   space 13312K, 0% used [0x00000000e2600000,0x00000000e2600000,0x00000000e3300000)
 ParOldGen       total 120832K, used 17342K [0x0000000080000000, 0x0000000087600000, 0x00000000d5580000)
  object space 120832K, 14% used [0x0000000080000000,0x00000000810ef860,0x0000000087600000)
 Metaspace       used 57025K, capacity 59050K, committed 59160K, reserved 1099776K
  class space    used 7809K, capacity 8278K, committed 8368K, reserved 1048576K
Event: 7.494 GC heap after
Heap after GC invocations=11 (full 2):
 PSYoungGen      total 226816K, used 13284K [0x00000000d5580000, 0x00000000e6f00000, 0x0000000100000000)
  eden space 213504K, 0% used [0x00000000d5580000,0x00000000d5580000,0x00000000e2600000)
  from space 13312K, 99% used [0x00000000e2600000,0x00000000e32f9310,0x00000000e3300000)
  to   space 19456K, 0% used [0x00000000e5c00000,0x00000000e5c00000,0x00000000e6f00000)
 ParOldGen       total 120832K, used 29117K [0x0000000080000000, 0x0000000087600000, 0x00000000d5580000)
  object space 120832K, 24% used [0x0000000080000000,0x0000000081c6f530,0x0000000087600000)
 Metaspace       used 57025K, capacity 59050K, committed 59160K, reserved 1099776K
  class space    used 7809K, capacity 8278K, committed 8368K, reserved 1048576K
}
Event: 7.494 GC heap before
{Heap before GC invocations=12 (full 3):
 PSYoungGen      total 226816K, used 13284K [0x00000000d5580000, 0x00000000e6f00000, 0x0000000100000000)
  eden space 213504K, 0% used [0x00000000d5580000,0x00000000d5580000,0x00000000e2600000)
  from space 13312K, 99% used [0x00000000e2600000,0x00000000e32f9310,0x00000000e3300000)
  to   space 19456K, 0% used [0x00000000e5c00000,0x00000000e5c00000,0x00000000e6f00000)
 ParOldGen       total 120832K, used 29117K [0x0000000080000000, 0x0000000087600000, 0x00000000d5580000)
  object space 120832K, 24% used [0x0000000080000000,0x0000000081c6f530,0x0000000087600000)
 Metaspace       used 57025K, capacity 59050K, committed 59160K, reserved 1099776K
  class space    used 7809K, capacity 8278K, committed 8368K, reserved 1048576K
Event: 7.632 GC heap after
Heap after GC invocations=12 (full 3):
 PSYoungGen      total 226816K, used 0K [0x00000000d5580000, 0x00000000e6f00000, 0x0000000100000000)
  eden space 213504K, 0% used [0x00000000d5580000,0x00000000d5580000,0x00000000e2600000)
  from space 13312K, 0% used [0x00000000e2600000,0x00000000e2600000,0x00000000e3300000)
  to   space 19456K, 0% used [0x00000000e5c00000,0x00000000e5c00000,0x00000000e6f00000)
 ParOldGen       total 186368K, used 37021K [0x0000000080000000, 0x000000008b600000, 0x00000000d5580000)
  object space 186368K, 19% used [0x0000000080000000,0x0000000082427498,0x000000008b600000)
 Metaspace       used 57008K, capacity 58990K, committed 59160K, reserved 1099776K
  class space    used 7804K, capacity 8268K, committed 8368K, reserved 1048576K
}
Event: 9.112 GC heap before
{Heap before GC invocations=13 (full 3):
 PSYoungGen      total 226816K, used 213504K [0x00000000d5580000, 0x00000000e6f00000, 0x0000000100000000)
  eden space 213504K, 100% used [0x00000000d5580000,0x00000000e2600000,0x00000000e2600000)
  from space 13312K, 0% used [0x00000000e2600000,0x00000000e2600000,0x00000000e3300000)
  to   space 19456K, 0% used [0x00000000e5c00000,0x00000000e5c00000,0x00000000e6f00000)
 ParOldGen       total 186368K, used 37021K [0x0000000080000000, 0x000000008b600000, 0x00000000d5580000)
  object space 186368K, 19% used [0x0000000080000000,0x0000000082427498,0x000000008b600000)
 Metaspace       used 65220K, capacity 68618K, committed 68904K, reserved 1107968K
  class space    used 9022K, capacity 9718K, committed 9776K, reserved 1048576K
Event: 9.125 GC heap after
Heap after GC invocations=13 (full 3):
 PSYoungGen      total 265216K, used 19438K [0x00000000d5580000, 0x00000000e7f00000, 0x0000000100000000)
  eden space 245760K, 0% used [0x00000000d5580000,0x00000000d5580000,0x00000000e4580000)
  from space 19456K, 99% used [0x00000000e5c00000,0x00000000e6efb8e0,0x00000000e6f00000)
  to   space 23040K, 0% used [0x00000000e4580000,0x00000000e4580000,0x00000000e5c00000)
 ParOldGen       total 186368K, used 40844K [0x0000000080000000, 0x000000008b600000, 0x00000000d5580000)
  object space 186368K, 21% used [0x0000000080000000,0x00000000827e31c8,0x000000008b600000)
 Metaspace       used 65220K, capacity 68618K, committed 68904K, reserved 1107968K
  class space    used 9022K, capacity 9718K, committed 9776K, reserved 1048576K
}

