# JRE version: OpenJDK Runtime Environment (8.0_242-b01) (build 1.8.0_242-release-1644-b01)
# Java VM: OpenJDK 64-Bit Server VM (25.242-b01 mixed mode windows-amd64 compressed oops)
Heap:
 PSYoungGen      total 364544K, used 142521K [0x00000000d5580000, 0x00000000f0080000, 0x0000000100000000)
  eden space 335872K, 41% used [0x00000000d5580000,0x00000000ddc49a80,0x00000000e9d80000)
  from space 28672K, 15% used [0x00000000ec080000,0x00000000ec4e4d00,0x00000000edc80000)
  to   space 35840K, 0% used [0x00000000e9d80000,0x00000000e9d80000,0x00000000ec080000)
 ParOldGen       total 269824K, used 102309K [0x0000000080000000, 0x0000000090780000, 0x00000000d5580000)
  object space 269824K, 37% used [0x0000000080000000,0x00000000863e9670,0x0000000090780000)
 Metaspace       used 96605K, capacity 101484K, committed 101672K, reserved 1136640K
  class space    used 12544K, capacity 13521K, committed 13616K, reserved 1048576K
GC Heap History (10 events):
Event: 231.090 GC heap before
{Heap before GC invocations=22 (full 4):
 PSYoungGen      total 371712K, used 369505K [0x00000000d5580000, 0x00000000f0080000, 0x0000000100000000)
  eden space 335872K, 100% used [0x00000000d5580000,0x00000000e9d80000,0x00000000e9d80000)
  from space 35840K, 93% used [0x00000000e9d80000,0x00000000ebe58730,0x00000000ec080000)
  to   space 28672K, 0% used [0x00000000ec080000,0x00000000ec080000,0x00000000edc80000)
 ParOldGen       total 269824K, used 57603K [0x0000000080000000, 0x0000000090780000, 0x00000000d5580000)
  object space 269824K, 21% used [0x0000000080000000,0x0000000083840e10,0x0000000090780000)
 Metaspace       used 96223K, capacity 101082K, committed 101416K, reserved 1136640K
  class space    used 12499K, capacity 13468K, committed 13616K, reserved 1048576K
Event: 231.112 GC heap after
Heap after GC invocations=22 (full 4):
 PSYoungGen      total 364544K, used 28654K [0x00000000d5580000, 0x00000000f0080000, 0x0000000100000000)
  eden space 335872K, 0% used [0x00000000d5580000,0x00000000d5580000,0x00000000e9d80000)
  from space 28672K, 99% used [0x00000000ec080000,0x00000000edc7b8f0,0x00000000edc80000)
  to   space 35840K, 0% used [0x00000000e9d80000,0x00000000e9d80000,0x00000000ec080000)
 ParOldGen       total 269824K, used 65640K [0x0000000080000000, 0x0000000090780000, 0x00000000d5580000)
  object space 269824K, 24% used [0x0000000080000000,0x000000008401a0e8,0x0000000090780000)
 Metaspace       used 96223K, capacity 101082K, committed 101416K, reserved 1136640K
  class space    used 12499K, capacity 13468K, committed 13616K, reserved 1048576K
}
Event: 231.422 GC heap before
{Heap before GC invocations=23 (full 4):
 PSYoungGen      total 364544K, used 364526K [0x00000000d5580000, 0x00000000f0080000, 0x0000000100000000)
  eden space 335872K, 100% used [0x00000000d5580000,0x00000000e9d80000,0x00000000e9d80000)
  from space 28672K, 99% used [0x00000000ec080000,0x00000000edc7b8f0,0x00000000edc80000)
  to   space 35840K, 0% used [0x00000000e9d80000,0x00000000e9d80000,0x00000000ec080000)
 ParOldGen       total 269824K, used 65640K [0x0000000080000000, 0x0000000090780000, 0x00000000d5580000)
  object space 269824K, 24% used [0x0000000080000000,0x000000008401a0e8,0x0000000090780000)
 Metaspace       used 96244K, capacity 101082K, committed 101416K, reserved 1136640K
  class space    used 12499K, capacity 13468K, committed 13616K, reserved 1048576K
Event: 231.437 GC heap after
Heap after GC invocations=23 (full 4):
 PSYoungGen      total 371712K, used 10871K [0x00000000d5580000, 0x00000000f0080000, 0x0000000100000000)
  eden space 335872K, 0% used [0x00000000d5580000,0x00000000d5580000,0x00000000e9d80000)
  from space 35840K, 30% used [0x00000000e9d80000,0x00000000ea81dc70,0x00000000ec080000)
  to   space 28672K, 0% used [0x00000000ec080000,0x00000000ec080000,0x00000000edc80000)
 ParOldGen       total 269824K, used 85676K [0x0000000080000000, 0x0000000090780000, 0x00000000d5580000)
  object space 269824K, 31% used [0x0000000080000000,0x00000000853ab208,0x0000000090780000)
 Metaspace       used 96244K, capacity 101082K, committed 101416K, reserved 1136640K
  class space    used 12499K, capacity 13468K, committed 13616K, reserved 1048576K
}
Event: 231.679 GC heap before
{Heap before GC invocations=24 (full 4):
 PSYoungGen      total 371712K, used 346743K [0x00000000d5580000, 0x00000000f0080000, 0x0000000100000000)
  eden space 335872K, 100% used [0x00000000d5580000,0x00000000e9d80000,0x00000000e9d80000)
  from space 35840K, 30% used [0x00000000e9d80000,0x00000000ea81dc70,0x00000000ec080000)
  to   space 28672K, 0% used [0x00000000ec080000,0x00000000ec080000,0x00000000edc80000)
 ParOldGen       total 269824K, used 85676K [0x0000000080000000, 0x0000000090780000, 0x00000000d5580000)
  object space 269824K, 31% used [0x0000000080000000,0x00000000853ab208,0x0000000090780000)
 Metaspace       used 96287K, capacity 101090K, committed 101416K, reserved 1136640K
  class space    used 12500K, capacity 13468K, committed 13616K, reserved 1048576K
Event: 231.693 GC heap after
Heap after GC invocations=24 (full 4):
 PSYoungGen      total 364544K, used 12448K [0x00000000d5580000, 0x00000000f0080000, 0x0000000100000000)
  eden space 335872K, 0% used [0x00000000d5580000,0x00000000d5580000,0x00000000e9d80000)
  from space 28672K, 43% used [0x00000000ec080000,0x00000000ecca8060,0x00000000edc80000)
  to   space 35840K, 0% used [0x00000000e9d80000,0x00000000e9d80000,0x00000000ec080000)
 ParOldGen       total 269824K, used 92369K [0x0000000080000000, 0x0000000090780000, 0x00000000d5580000)
  object space 269824K, 34% used [0x0000000080000000,0x0000000085a34790,0x0000000090780000)
 Metaspace       used 96287K, capacity 101090K, committed 101416K, reserved 1136640K
  class space    used 12500K, capacity 13468K, committed 13616K, reserved 1048576K
}
Event: 231.989 GC heap before
{Heap before GC invocations=25 (full 4):
 PSYoungGen      total 364544K, used 348320K [0x00000000d5580000, 0x00000000f0080000, 0x0000000100000000)
  eden space 335872K, 100% used [0x00000000d5580000,0x00000000e9d80000,0x00000000e9d80000)
  from space 28672K, 43% used [0x00000000ec080000,0x00000000ecca8060,0x00000000edc80000)
  to   space 35840K, 0% used [0x00000000e9d80000,0x00000000e9d80000,0x00000000ec080000)
 ParOldGen       total 269824K, used 92369K [0x0000000080000000, 0x0000000090780000, 0x00000000d5580000)
  object space 269824K, 34% used [0x0000000080000000,0x0000000085a34790,0x0000000090780000)
 Metaspace       used 96350K, capacity 101178K, committed 101416K, reserved 1136640K
  class space    used 12503K, capacity 13470K, committed 13616K, reserved 1048576K
Event: 231.997 GC heap after
Heap after GC invocations=25 (full 4):
 PSYoungGen      total 371712K, used 6543K [0x00000000d5580000, 0x00000000f0080000, 0x0000000100000000)
  eden space 335872K, 0% used [0x00000000d5580000,0x00000000d5580000,0x00000000e9d80000)
  from space 35840K, 18% used [0x00000000e9d80000,0x00000000ea3e3c90,0x00000000ec080000)
  to   space 28672K, 0% used [0x00000000ec080000,0x00000000ec080000,0x00000000edc80000)
 ParOldGen       total 269824K, used 96995K [0x0000000080000000, 0x0000000090780000, 0x00000000d5580000)
  object space 269824K, 35% used [0x0000000080000000,0x0000000085eb8e60,0x0000000090780000)
 Metaspace       used 96350K, capacity 101178K, committed 101416K, reserved 1136640K
  class space    used 12503K, capacity 13470K, committed 13616K, reserved 1048576K
}
Event: 232.264 GC heap before
{Heap before GC invocations=26 (full 4):
 PSYoungGen      total 371712K, used 342415K [0x00000000d5580000, 0x00000000f0080000, 0x0000000100000000)
  eden space 335872K, 100% used [0x00000000d5580000,0x00000000e9d80000,0x00000000e9d80000)
  from space 35840K, 18% used [0x00000000e9d80000,0x00000000ea3e3c90,0x00000000ec080000)
  to   space 28672K, 0% used [0x00000000ec080000,0x00000000ec080000,0x00000000edc80000)
 ParOldGen       total 269824K, used 96995K [0x0000000080000000, 0x0000000090780000, 0x00000000d5580000)
  object space 269824K, 35% used [0x0000000080000000,0x0000000085eb8e60,0x0000000090780000)
 Metaspace       used 96562K, capacity 101480K, committed 101672K, reserved 1136640K
  class space    used 12542K, capacity 13519K, committed 13616K, reserved 1048576K
Event: 232.271 GC heap after
Heap after GC invocations=26 (full 4):
 PSYoungGen      total 364544K, used 4499K [0x00000000d5580000, 0x00000000f0080000, 0x0000000100000000)
  eden space 335872K, 0% used [0x00000000d5580000,0x00000000d5580000,0x00000000e9d80000)
  from space 28672K, 15% used [0x00000000ec080000,0x00000000ec4e4d00,0x00000000edc80000)
  to   space 35840K, 0% used [0x00000000e9d80000,0x00000000e9d80000,0x00000000ec080000)
 ParOldGen       total 269824K, used 102309K [0x0000000080000000, 0x0000000090780000, 0x00000000d5580000)
  object space 269824K, 37% used [0x0000000080000000,0x00000000863e9670,0x0000000090780000)
 Metaspace       used 96562K, capacity 101480K, committed 101672K, reserved 1136640K
  class space    used 12542K, capacity 13519K, committed 13616K, reserved 1048576K
}

